<?xml version="1.0" encoding="UTF-8"?>
<testng-results ignored="0" total="1" passed="1" failed="0" skipped="0">
  <reporter-output>
  </reporter-output>
  <suite started-at="2023-09-11T22:55:36 IST" name="Default suite" finished-at="2023-09-11T22:55:49 IST" duration-ms="13026">
    <groups>
    </groups>
    <test started-at="2023-09-11T22:55:36 IST" name="Default test" finished-at="2023-09-11T22:55:49 IST" duration-ms="13026">
      <class name="LoginTestCases.TestLogin">
        <test-method signature="hrmLogin()[pri:0, instance:LoginTestCases.TestLogin@3ba987b8]" started-at="2023-09-11T22:55:36 IST" name="hrmLogin" finished-at="2023-09-11T22:55:49 IST" duration-ms="12940" status="PASS">
          <reporter-output>
          </reporter-output>
        </test-method> <!-- hrmLogin -->
      </class> <!-- LoginTestCases.TestLogin -->
    </test> <!-- Default test -->
  </suite> <!-- Default suite -->
</testng-results>
