<?xml version="1.0" encoding="UTF-8"?>
<!-- Generated by org.testng.reporters.JUnitXMLReporter -->
<testsuite ignored="0" hostname="Voronoy" failures="0" tests="4" name="Login application test" time="21.047" errors="0" timestamp="2023-09-10T17:21:05 IST">
  <testcase classname="LoginTestCases.Login" name="loginCheck" time="6.227"/>
  <testcase classname="LoginTestCases.Login" name="loginCheck" time="4.4"/>
  <testcase classname="LoginTestCases.Login" name="loginCheck" time="4.558"/>
  <testcase classname="LoginTestCases.Login" name="loginCheck" time="5.77"/>
</testsuite> <!-- Login application test -->
